2022-05-09 00:13:52,110 INFO org.springframework.orm.jpa.AbstractEntityManagerFactoryBean [SpringApplicationShutdownHook] Closing JPA EntityManagerFactory for persistence unit 'default'
2022-05-09 00:13:52,115 INFO com.zaxxer.hikari.HikariDataSource [SpringApplicationShutdownHook] HikariPool-9 - Shutdown initiated...
2022-05-09 00:13:52,121 INFO com.zaxxer.hikari.HikariDataSource [SpringApplicationShutdownHook] HikariPool-9 - Shutdown completed.
2022-05-09 00:13:58,325 INFO org.springframework.boot.StartupInfoLogger [restartedMain] Starting FoodpandaApplication using Java 18 on DESKTOP-BKF561S with PID 15840 (C:\GitHub Repositories\SD\FoodPanda\target\classes started by razvi in C:\GitHub Repositories\SD\FoodPanda)
2022-05-09 00:13:58,329 INFO org.springframework.boot.SpringApplication [restartedMain] No active profile set, falling back to 1 default profile: "default"
2022-05-09 00:13:58,435 INFO org.springframework.boot.logging.DeferredLog [restartedMain] The Class-Path manifest attribute in C:\Users\razvi\.m2\repository\io\github\cdimascio\java-dotenv\5.2.2\java-dotenv-5.2.2.jar referenced one or more files that do not exist: file:/C:/Users/razvi/.m2/repository/io/github/cdimascio/java-dotenv/5.2.2/kotlin-stdlib-1.4.0.jar,file:/C:/Users/razvi/.m2/repository/io/github/cdimascio/java-dotenv/5.2.2/kotlin-stdlib-common-1.4.0.jar,file:/C:/Users/razvi/.m2/repository/io/github/cdimascio/java-dotenv/5.2.2/annotations-13.0.jar
2022-05-09 00:13:58,436 INFO org.springframework.boot.logging.DeferredLog [restartedMain] Devtools property defaults active! Set 'spring.devtools.add-properties' to 'false' to disable
2022-05-09 00:13:58,436 INFO org.springframework.boot.logging.DeferredLog [restartedMain] For additional web related logging consider setting the 'logging.level.web' property to 'DEBUG'
2022-05-09 00:13:59,589 INFO org.springframework.data.repository.config.RepositoryConfigurationDelegate [restartedMain] Bootstrapping Spring Data JPA repositories in DEFAULT mode.
2022-05-09 00:13:59,708 INFO org.springframework.data.repository.config.RepositoryConfigurationDelegate [restartedMain] Finished Spring Data repository scanning in 103 ms. Found 4 JPA repository interfaces.
2022-05-09 00:14:00,913 INFO org.springframework.boot.web.embedded.tomcat.TomcatWebServer [restartedMain] Tomcat initialized with port(s): 8080 (http)
2022-05-09 00:14:00,928 INFO org.apache.juli.logging.DirectJDKLog [restartedMain] Initializing ProtocolHandler ["http-nio-8080"]
2022-05-09 00:14:00,929 INFO org.apache.juli.logging.DirectJDKLog [restartedMain] Starting service [Tomcat]
2022-05-09 00:14:00,930 INFO org.apache.juli.logging.DirectJDKLog [restartedMain] Starting Servlet engine: [Apache Tomcat/9.0.60]
2022-05-09 00:14:01,074 INFO org.apache.juli.logging.DirectJDKLog [restartedMain] Initializing Spring embedded WebApplicationContext
2022-05-09 00:14:01,075 INFO org.springframework.boot.web.servlet.context.ServletWebServerApplicationContext [restartedMain] Root WebApplicationContext: initialization completed in 2637 ms
2022-05-09 00:14:01,411 INFO org.hibernate.jpa.internal.util.LogHelper [restartedMain] HHH000204: Processing PersistenceUnitInfo [name: default]
2022-05-09 00:14:01,526 INFO org.hibernate.Version [restartedMain] HHH000412: Hibernate ORM core version 5.6.7.Final
2022-05-09 00:14:01,881 INFO org.hibernate.annotations.common.reflection.java.JavaReflectionManager [restartedMain] HCANN000001: Hibernate Commons Annotations {5.1.2.Final}
2022-05-09 00:14:02,122 INFO com.zaxxer.hikari.HikariDataSource [restartedMain] HikariPool-1 - Starting...
2022-05-09 00:14:02,701 INFO com.zaxxer.hikari.HikariDataSource [restartedMain] HikariPool-1 - Start completed.
2022-05-09 00:14:02,733 INFO org.hibernate.dialect.Dialect [restartedMain] HHH000400: Using dialect: org.hibernate.dialect.MySQL8Dialect
2022-05-09 00:14:03,861 INFO org.hibernate.engine.transaction.jta.platform.internal.JtaPlatformInitiator [restartedMain] HHH000490: Using JtaPlatform implementation: [org.hibernate.engine.transaction.jta.platform.internal.NoJtaPlatform]
2022-05-09 00:14:03,873 INFO org.springframework.orm.jpa.AbstractEntityManagerFactoryBean [restartedMain] Initialized JPA EntityManagerFactory for persistence unit 'default'
2022-05-09 00:14:04,399 WARN org.springframework.boot.autoconfigure.orm.jpa.JpaBaseConfiguration$JpaWebConfiguration [restartedMain] spring.jpa.open-in-view is enabled by default. Therefore, database queries may be performed during view rendering. Explicitly configure spring.jpa.open-in-view to disable this warning
2022-05-09 00:14:04,600 INFO com.example.foodpanda.logger.MyLogger [restartedMain] MyLogger instance created
2022-05-09 00:14:04,602 INFO com.example.foodpanda.logger.MyLogger [restartedMain] MyLogger instance created
2022-05-09 00:14:04,640 INFO com.example.foodpanda.logger.MyLogger [restartedMain] MyLogger instance created
2022-05-09 00:14:04,677 INFO com.example.foodpanda.logger.MyLogger [restartedMain] MyLogger instance created
2022-05-09 00:14:04,704 INFO com.example.foodpanda.logger.MyLogger [restartedMain] MyLogger instance created
2022-05-09 00:14:04,749 INFO com.example.foodpanda.logger.MyLogger [restartedMain] MyLogger instance created
2022-05-09 00:14:04,751 INFO com.example.foodpanda.logger.MyLogger [restartedMain] MyLogger instance created
2022-05-09 00:14:04,755 INFO com.example.foodpanda.logger.MyLogger [restartedMain] MyLogger instance created
2022-05-09 00:14:04,865 WARN org.springframework.security.config.annotation.web.builders.WebSecurity [restartedMain] You are asking Spring Security to ignore Or [Ant [pattern='/'], Ant [pattern='/login'], Ant [pattern='/register']]. This is not recommended -- please use permitAll via HttpSecurity#authorizeHttpRequests instead.
2022-05-09 00:14:04,866 INFO org.springframework.security.web.DefaultSecurityFilterChain [restartedMain] Will secure Or [Ant [pattern='/'], Ant [pattern='/login'], Ant [pattern='/register']] with []
2022-05-09 00:14:04,915 INFO org.springframework.security.web.DefaultSecurityFilterChain [restartedMain] Will not secure any request
2022-05-09 00:14:05,690 INFO org.springframework.boot.devtools.autoconfigure.OptionalLiveReloadServer [restartedMain] LiveReload server is running on port 35729
2022-05-09 00:14:05,728 INFO org.apache.juli.logging.DirectJDKLog [restartedMain] Starting ProtocolHandler ["http-nio-8080"]
2022-05-09 00:14:05,760 INFO org.springframework.boot.web.embedded.tomcat.TomcatWebServer [restartedMain] Tomcat started on port(s): 8080 (http) with context path ''
2022-05-09 00:14:05,780 INFO org.springframework.boot.StartupInfoLogger [restartedMain] Started FoodpandaApplication in 8.684 seconds (JVM running for 11.692)
2022-05-09 00:14:47,025 INFO org.apache.juli.logging.DirectJDKLog [http-nio-8080-exec-1] Initializing Spring DispatcherServlet 'dispatcherServlet'
2022-05-09 00:14:47,026 INFO org.springframework.web.servlet.FrameworkServlet [http-nio-8080-exec-1] Initializing Servlet 'dispatcherServlet'
2022-05-09 00:14:47,028 INFO org.springframework.web.servlet.FrameworkServlet [http-nio-8080-exec-1] Completed initialization in 1 ms
2022-05-09 00:14:47,234 INFO com.example.foodpanda.controller.LoginController [http-nio-8080-exec-2] Login controller request login user
2022-05-09 00:14:48,051 INFO com.example.foodpanda.service.UserService [http-nio-8080-exec-2] Finding user with username admin
2022-05-09 00:14:57,777 INFO com.example.foodpanda.controller.AdminController [http-nio-8080-exec-5] Request for getting restaurant
2022-05-09 00:14:58,360 INFO com.example.foodpanda.controller.AdminController [http-nio-8080-exec-7] Request for getting restaurant foods
2022-05-09 00:15:00,376 INFO com.example.foodpanda.controller.AdminController [http-nio-8080-exec-8] Request for getting restaurant
2022-05-09 00:15:02,412 INFO com.example.foodpanda.controller.AdminController [http-nio-8080-exec-10] Request for getting restaurant foods
2022-05-09 00:15:27,575 INFO com.example.foodpanda.controller.LoginController [http-nio-8080-exec-3] Login controller request login user
2022-05-09 00:15:27,777 INFO com.example.foodpanda.service.UserService [http-nio-8080-exec-3] Finding user with username Razvan
2022-05-09 00:15:44,295 INFO com.example.foodpanda.controller.UserController [http-nio-8080-exec-6] Request for getting all restaurants
2022-05-09 00:15:44,297 INFO com.example.foodpanda.service.RestaurantService [http-nio-8080-exec-6] Finding all restaurants
2022-05-09 00:15:45,365 INFO com.example.foodpanda.controller.UserController [http-nio-8080-exec-8] Request for getting menu of restaurant with id: 1
2022-05-09 00:15:45,367 INFO com.example.foodpanda.service.RestaurantService [http-nio-8080-exec-8] Finding restaurant with id 1
2022-05-09 00:15:55,975 INFO com.example.foodpanda.controller.UserController [http-nio-8080-exec-1] Request for placing order
2022-05-09 00:15:55,976 INFO com.example.foodpanda.service.OrderService [http-nio-8080-exec-1] Adding order for user Razvan
2022-05-09 00:15:55,977 INFO com.example.foodpanda.service.FoodService [http-nio-8080-exec-1] Finding food with id 17
2022-05-09 00:15:55,994 INFO com.example.foodpanda.service.FoodService [http-nio-8080-exec-1] Finding food with id 4
2022-05-09 00:15:55,997 INFO com.example.foodpanda.service.FoodService [http-nio-8080-exec-1] Finding food with id 3
2022-05-09 00:15:55,999 INFO com.example.foodpanda.service.FoodService [http-nio-8080-exec-1] Finding food with id 16
2022-05-09 00:15:56,001 INFO com.example.foodpanda.service.FoodService [http-nio-8080-exec-1] Finding food with id 7
2022-05-09 00:15:56,003 INFO com.example.foodpanda.service.FoodService [http-nio-8080-exec-1] Finding food with id 8
2022-05-09 00:15:56,088 INFO com.example.foodpanda.service.RestaurantService [http-nio-8080-exec-1] Saving restaurant
2022-05-09 00:15:56,101 INFO com.example.foodpanda.service.OrderService [http-nio-8080-exec-1] Order added for user Razvan
2022-05-09 00:15:57,209 ERROR com.example.foodpanda.service.OrderService [http-nio-8080-exec-1] Error while adding order for user Razvan
2022-05-09 00:17:14,220 INFO com.example.foodpanda.controller.UserController [http-nio-8080-exec-4] Request for placing order
2022-05-09 00:17:14,221 INFO com.example.foodpanda.service.OrderService [http-nio-8080-exec-4] Adding order for user Razvan
2022-05-09 00:17:14,222 INFO com.example.foodpanda.service.FoodService [http-nio-8080-exec-4] Finding food with id 17
2022-05-09 00:17:14,241 INFO com.example.foodpanda.service.FoodService [http-nio-8080-exec-4] Finding food with id 4
2022-05-09 00:17:14,247 INFO com.example.foodpanda.service.FoodService [http-nio-8080-exec-4] Finding food with id 3
2022-05-09 00:17:14,252 INFO com.example.foodpanda.service.FoodService [http-nio-8080-exec-4] Finding food with id 16
2022-05-09 00:17:14,260 INFO com.example.foodpanda.service.FoodService [http-nio-8080-exec-4] Finding food with id 7
2022-05-09 00:17:14,263 INFO com.example.foodpanda.service.FoodService [http-nio-8080-exec-4] Finding food with id 8
2022-05-09 00:17:14,287 INFO com.example.foodpanda.service.RestaurantService [http-nio-8080-exec-4] Saving restaurant
2022-05-09 00:17:14,297 INFO com.example.foodpanda.service.OrderService [http-nio-8080-exec-4] Order added for user Razvan
2022-05-09 00:17:15,212 ERROR com.example.foodpanda.service.OrderService [http-nio-8080-exec-4] Error while adding order for user Razvan
2022-05-09 00:17:35,119 INFO com.example.foodpanda.controller.UserController [http-nio-8080-exec-7] Request for getting menu of restaurant with id: 1
2022-05-09 00:17:35,120 INFO com.example.foodpanda.service.RestaurantService [http-nio-8080-exec-7] Finding restaurant with id 1
2022-05-09 00:17:35,277 INFO com.example.foodpanda.controller.UserController [http-nio-8080-exec-9] Request for getting all restaurants
2022-05-09 00:17:35,278 INFO com.example.foodpanda.service.RestaurantService [http-nio-8080-exec-9] Finding all restaurants
2022-05-09 00:17:42,299 INFO com.example.foodpanda.controller.LoginController [http-nio-8080-exec-2] Login controller request login user
2022-05-09 00:17:42,469 INFO com.example.foodpanda.service.UserService [http-nio-8080-exec-2] Finding user with username Razvan
2022-05-09 00:17:43,456 INFO com.example.foodpanda.controller.UserController [http-nio-8080-exec-4] Request for getting orders of user
2022-05-09 00:17:45,168 INFO com.example.foodpanda.controller.UserController [http-nio-8080-exec-6] Request for getting all restaurants
2022-05-09 00:17:45,169 INFO com.example.foodpanda.service.RestaurantService [http-nio-8080-exec-6] Finding all restaurants
2022-05-09 00:17:47,537 INFO com.example.foodpanda.controller.UserController [http-nio-8080-exec-7] Request for getting orders of user
